2015-07-29T13:19:26.153371+00:00 app[web.1]:   vendor/bundle/ruby/2.1.0/gems/actionpack-4.0.0/lib/action_dispatch/middleware/debug_exceptions.rb:21:in `call'
2015-07-29T13:19:26.153374+00:00 app[web.1]:   vendor/bundle/ruby/2.1.0/gems/railties-4.0.0/lib/rails/rack/logger.rb:38:in `call_app'
2015-07-29T13:19:26.153378+00:00 app[web.1]:   vendor/bundle/ruby/2.1.0/gems/activesupport-4.0.0/lib/active_support/tagged_logging.rb:25:in `tagged'
2015-07-29T13:19:26.153380+00:00 app[web.1]:   vendor/bundle/ruby/2.1.0/gems/railties-4.0.0/lib/rails/rack/logger.rb:21:in `call'
2015-07-29T13:19:26.153362+00:00 app[web.1]:   vendor/ruby-2.1.2/lib/ruby/2.1.0/webrick/server.rb:295:in `block in start_thread'
2015-07-29T13:19:26.153368+00:00 app[web.1]: F, [2015-07-29T12:46:05.072553 #3] FATAL -- : 
2015-07-29T13:19:26.153383+00:00 app[web.1]:   vendor/bundle/ruby/2.1.0/gems/rack-1.5.5/lib/rack/methodoverride.rb:21:in `call'
2015-07-29T13:19:26.153369+00:00 app[web.1]: ActionController::RoutingError (No route matches [GET] "/"):
2015-07-29T13:19:26.153405+00:00 app[web.1]: 
2015-07-29T13:19:26.153406+00:00 app[web.1]: 
2015-07-29T13:19:26.153372+00:00 app[web.1]:   vendor/bundle/ruby/2.1.0/gems/actionpack-4.0.0/lib/action_dispatch/middleware/show_exceptions.rb:30:in `call'
2015-07-29T13:19:26.153379+00:00 app[web.1]:   vendor/bundle/ruby/2.1.0/gems/activesupport-4.0.0/lib/active_support/tagged_logging.rb:67:in `tagged'
2015-07-29T13:19:26.153384+00:00 app[web.1]:   vendor/bundle/ruby/2.1.0/gems/rack-1.5.5/lib/rack/runtime.rb:17:in `call'
2015-07-29T13:19:26.153365+00:00 app[web.1]: 
2015-07-29T13:19:26.153375+00:00 app[web.1]:   vendor/bundle/ruby/2.1.0/gems/railties-4.0.0/lib/rails/rack/logger.rb:21:in `block in call'
2015-07-29T13:19:26.153387+00:00 app[web.1]:   vendor/bundle/ruby/2.1.0/gems/actionpack-4.0.0/lib/action_dispatch/middleware/static.rb:64:in `call'
2015-07-29T13:19:26.153382+00:00 app[web.1]:   vendor/bundle/ruby/2.1.0/gems/actionpack-4.0.0/lib/action_dispatch/middleware/request_id.rb:21:in `call'
2015-07-29T13:19:26.153386+00:00 app[web.1]:   vendor/bundle/ruby/2.1.0/gems/activesupport-4.0.0/lib/active_support/cache/strategy/local_cache.rb:83:in `call'
2015-07-29T13:19:26.153401+00:00 app[web.1]:   vendor/ruby-2.1.2/lib/ruby/2.1.0/webrick/httpserver.rb:138:in `service'
2015-07-29T13:19:26.153389+00:00 app[web.1]:   vendor/bundle/ruby/2.1.0/gems/railties-4.0.0/lib/rails/application.rb:97:in `call'
2015-07-29T13:19:26.153402+00:00 app[web.1]:   vendor/ruby-2.1.2/lib/ruby/2.1.0/webrick/httpserver.rb:94:in `run'
2015-07-29T13:19:26.153391+00:00 app[web.1]:   vendor/bundle/ruby/2.1.0/gems/rack-1.5.5/lib/rack/lock.rb:17:in `call'
2015-07-29T13:19:26.153400+00:00 app[web.1]:   vendor/bundle/ruby/2.1.0/gems/rack-1.5.5/lib/rack/handler/webrick.rb:60:in `service'
2015-07-29T13:19:26.153388+00:00 app[web.1]:   vendor/bundle/ruby/2.1.0/gems/railties-4.0.0/lib/rails/engine.rb:511:in `call'
2015-07-29T13:19:26.153399+00:00 app[web.1]:   vendor/bundle/ruby/2.1.0/gems/rack-1.5.5/lib/rack/content_length.rb:14:in `call'
2015-07-29T13:19:26.153404+00:00 app[web.1]:   vendor/ruby-2.1.2/lib/ruby/2.1.0/webrick/server.rb:295:in `block in start_thread'
2015-07-29T13:19:26.153407+00:00 app[web.1]: Exiting
2015-07-29T13:19:26.836083+00:00 heroku[web.1]: Process exited with status 143
2015-07-30T04:13:28.743855+00:00 heroku[web.1]: Unidling
2015-07-30T04:13:28.744119+00:00 heroku[web.1]: State changed from down to starting
2015-07-30T04:13:31.779214+00:00 heroku[web.1]: Starting process with command `bin/rails server -p 53125 -e production`
2015-07-30T04:13:35.647785+00:00 heroku[web.1]: State changed from starting to up
2015-07-30T04:13:35.589567+00:00 app[web.1]: [2015-07-30 04:13:35] INFO  WEBrick 1.3.1
2015-07-30T04:13:35.589611+00:00 app[web.1]: [2015-07-30 04:13:35] INFO  ruby 2.1.2 (2014-05-08) [x86_64-linux]
2015-07-30T04:13:35.590014+00:00 app[web.1]: [2015-07-30 04:13:35] INFO  WEBrick::HTTPServer#start: pid=3 port=53125
2015-07-30T04:13:37.033353+00:00 heroku[router]: at=info method=GET path="/" host=samrails.herokuapp.com request_id=98a802d3-d208-4556-bc3b-93c0efa28a38 fwd="60.250.110.10" dyno=web.1 connect=2ms service=229ms status=404 bytes=1616
2015-07-30T04:50:15.977042+00:00 heroku[web.1]: Idling
2015-07-30T04:50:15.977893+00:00 heroku[web.1]: State changed from up to down
2015-07-30T04:50:19.139699+00:00 heroku[web.1]: Stopping all processes with SIGTERM
2015-07-30T04:50:19.967740+00:00 app[web.1]: [2015-07-30 04:50:19] FATAL SignalException: SIGTERM
2015-07-30T04:50:19.967747+00:00 app[web.1]: 	/app/vendor/ruby-2.1.2/lib/ruby/2.1.0/webrick/server.rb:170:in `select'
2015-07-30T04:50:19.967751+00:00 app[web.1]: 	/app/vendor/ruby-2.1.2/lib/ruby/2.1.0/webrick/server.rb:170:in `block in start'
2015-07-30T04:50:19.967752+00:00 app[web.1]: 	/app/vendor/ruby-2.1.2/lib/ruby/2.1.0/webrick/server.rb:32:in `start'
2015-07-30T04:50:19.967754+00:00 app[web.1]: 	/app/vendor/ruby-2.1.2/lib/ruby/2.1.0/webrick/server.rb:160:in `start'
2015-07-30T04:50:19.967755+00:00 app[web.1]: 	/app/vendor/bundle/ruby/2.1.0/gems/rack-1.5.5/lib/rack/handler/webrick.rb:14:in `run'
2015-07-30T04:50:19.967757+00:00 app[web.1]: 	/app/vendor/bundle/ruby/2.1.0/gems/rack-1.5.5/lib/rack/server.rb:264:in `start'
2015-07-30T04:50:19.967758+00:00 app[web.1]: 	/app/vendor/bundle/ruby/2.1.0/gems/railties-4.0.0/lib/rails/commands/server.rb:84:in `start'
2015-07-30T04:50:19.967760+00:00 app[web.1]: 	/app/vendor/bundle/ruby/2.1.0/gems/railties-4.0.0/lib/rails/commands.rb:78:in `block in <top (required)>'
2015-07-30T04:50:19.967761+00:00 app[web.1]: 	/app/vendor/bundle/ruby/2.1.0/gems/railties-4.0.0/lib/rails/commands.rb:73:in `tap'
2015-07-30T04:50:19.967763+00:00 app[web.1]: 	/app/vendor/bundle/ruby/2.1.0/gems/railties-4.0.0/lib/rails/commands.rb:73:in `<top (required)>'
2015-07-30T04:50:19.967766+00:00 app[web.1]: 	bin/rails:4:in `<main>'
2015-07-30T04:50:19.967775+00:00 app[web.1]: [2015-07-30 04:50:19] INFO  going to shutdown ...
2015-07-30T04:50:19.967765+00:00 app[web.1]: 	bin/rails:4:in `require'
2015-07-30T04:50:19.967809+00:00 app[web.1]: [2015-07-30 04:50:19] INFO  WEBrick::HTTPServer#start done.
2015-07-30T04:50:20.015144+00:00 app[web.1]: => Booting WEBrick
2015-07-30T04:50:20.015151+00:00 app[web.1]: => Rails 4.0.0 application starting in production on http://0.0.0.0:53125
2015-07-30T04:50:20.015153+00:00 app[web.1]: => Run `rails server -h` for more startup options
2015-07-30T04:50:20.015155+00:00 app[web.1]: => Ctrl-C to shutdown server
2015-07-30T04:50:20.015158+00:00 app[web.1]: F, [2015-07-30T04:13:37.027044 #3] FATAL -- : 
2015-07-30T04:50:20.015156+00:00 app[web.1]: I, [2015-07-30T04:13:36.817773 #3]  INFO -- : Started GET "/" for 60.250.110.10 at 2015-07-30 04:13:36 +0000
2015-07-30T04:50:20.015159+00:00 app[web.1]: ActionController::RoutingError (No route matches [GET] "/"):
2015-07-30T04:50:20.015161+00:00 app[web.1]:   vendor/bundle/ruby/2.1.0/gems/actionpack-4.0.0/lib/action_dispatch/middleware/debug_exceptions.rb:21:in `call'
2015-07-30T04:50:20.015163+00:00 app[web.1]:   vendor/bundle/ruby/2.1.0/gems/actionpack-4.0.0/lib/action_dispatch/middleware/show_exceptions.rb:30:in `call'
2015-07-30T04:50:20.015167+00:00 app[web.1]:   vendor/bundle/ruby/2.1.0/gems/activesupport-4.0.0/lib/active_support/tagged_logging.rb:67:in `block in tagged'
2015-07-30T04:50:20.015164+00:00 app[web.1]:   vendor/bundle/ruby/2.1.0/gems/railties-4.0.0/lib/rails/rack/logger.rb:38:in `call_app'
2015-07-30T04:50:20.015170+00:00 app[web.1]:   vendor/bundle/ruby/2.1.0/gems/activesupport-4.0.0/lib/active_support/tagged_logging.rb:67:in `tagged'
2015-07-30T04:50:20.015172+00:00 app[web.1]:   vendor/bundle/ruby/2.1.0/gems/railties-4.0.0/lib/rails/rack/logger.rb:21:in `call'
2015-07-30T04:50:20.015166+00:00 app[web.1]:   vendor/bundle/ruby/2.1.0/gems/railties-4.0.0/lib/rails/rack/logger.rb:21:in `block in call'
2015-07-30T04:50:20.015169+00:00 app[web.1]:   vendor/bundle/ruby/2.1.0/gems/activesupport-4.0.0/lib/active_support/tagged_logging.rb:25:in `tagged'
2015-07-30T04:50:20.015173+00:00 app[web.1]:   vendor/bundle/ruby/2.1.0/gems/actionpack-4.0.0/lib/action_dispatch/middleware/request_id.rb:21:in `call'
2015-07-30T04:50:20.015175+00:00 app[web.1]:   vendor/bundle/ruby/2.1.0/gems/rack-1.5.5/lib/rack/methodoverride.rb:21:in `call'
2015-07-30T04:50:20.015176+00:00 app[web.1]:   vendor/bundle/ruby/2.1.0/gems/rack-1.5.5/lib/rack/runtime.rb:17:in `call'
2015-07-30T04:50:20.015178+00:00 app[web.1]:   vendor/bundle/ruby/2.1.0/gems/activesupport-4.0.0/lib/active_support/cache/strategy/local_cache.rb:83:in `call'
2015-07-30T04:50:20.015179+00:00 app[web.1]:   vendor/bundle/ruby/2.1.0/gems/actionpack-4.0.0/lib/action_dispatch/middleware/static.rb:64:in `call'
2015-07-30T04:50:20.015180+00:00 app[web.1]:   vendor/bundle/ruby/2.1.0/gems/railties-4.0.0/lib/rails/engine.rb:511:in `call'
2015-07-30T04:50:20.015181+00:00 app[web.1]:   vendor/bundle/ruby/2.1.0/gems/railties-4.0.0/lib/rails/application.rb:97:in `call'
2015-07-30T04:50:20.015183+00:00 app[web.1]:   vendor/bundle/ruby/2.1.0/gems/rack-1.5.5/lib/rack/lock.rb:17:in `call'
2015-07-30T04:50:20.015184+00:00 app[web.1]:   vendor/bundle/ruby/2.1.0/gems/rack-1.5.5/lib/rack/content_length.rb:14:in `call'
2015-07-30T04:50:20.015185+00:00 app[web.1]:   vendor/bundle/ruby/2.1.0/gems/rack-1.5.5/lib/rack/handler/webrick.rb:60:in `service'
2015-07-30T04:50:20.015187+00:00 app[web.1]:   vendor/ruby-2.1.2/lib/ruby/2.1.0/webrick/httpserver.rb:138:in `service'
2015-07-30T04:50:20.015188+00:00 app[web.1]:   vendor/ruby-2.1.2/lib/ruby/2.1.0/webrick/httpserver.rb:94:in `run'
2015-07-30T04:50:20.015189+00:00 app[web.1]:   vendor/ruby-2.1.2/lib/ruby/2.1.0/webrick/server.rb:295:in `block in start_thread'
2015-07-30T04:50:20.015191+00:00 app[web.1]: 
2015-07-30T04:50:20.015192+00:00 app[web.1]: 
2015-07-30T04:50:20.015194+00:00 app[web.1]: Exiting
2015-07-30T04:50:20.832925+00:00 heroku[web.1]: Process exited with status 143
2015-07-30T08:57:52.704454+00:00 heroku[slug-compiler]: Slug compilation started
2015-07-30T08:57:52.704461+00:00 heroku[slug-compiler]: Slug compilation finished
2015-07-30T08:57:52.661188+00:00 heroku[api]: Deploy e5c2cef by semplice.tw@yahoo.com.tw
2015-07-30T08:57:52.661188+00:00 heroku[api]: Release v7 created by semplice.tw@yahoo.com.tw
2015-07-30T08:58:05.356314+00:00 heroku[web.1]: Unidling
2015-07-30T08:58:05.356637+00:00 heroku[web.1]: State changed from down to starting
2015-07-30T08:58:11.782833+00:00 heroku[web.1]: Starting process with command `bin/rails server -p 39559 -e production`
2015-07-30T08:58:15.598678+00:00 app[web.1]: [2015-07-30 08:58:15] INFO  WEBrick 1.3.1
2015-07-30T08:58:15.598711+00:00 app[web.1]: [2015-07-30 08:58:15] INFO  ruby 2.0.0 (2015-04-13) [x86_64-linux]
2015-07-30T08:58:15.599034+00:00 app[web.1]: [2015-07-30 08:58:15] INFO  WEBrick::HTTPServer#start: pid=3 port=39559
2015-07-30T08:58:16.065994+00:00 heroku[web.1]: State changed from starting to up
2015-07-30T08:58:17.832635+00:00 heroku[router]: at=info method=GET path="/" host=samrails.herokuapp.com request_id=6faeab95-3f39-43a5-9521-7d0924283a4c fwd="60.250.110.10" dyno=web.1 connect=4ms service=414ms status=200 bytes=3297
2015-07-30T08:58:18.140760+00:00 heroku[router]: at=info method=GET path="/assets/application-4bd3a8c497ba685bcc22ee39df3de2cd.css" host=samrails.herokuapp.com request_id=8e1d83a8-460c-4507-a568-a8f9e04af844 fwd="60.250.110.10" dyno=web.1 connect=1ms service=9ms status=200 bytes=107365
2015-07-30T08:58:18.630431+00:00 heroku[router]: at=info method=GET path="/assets/application-c4917e16480b4b16b40cfe127d3abfe3.js" host=samrails.herokuapp.com request_id=33fb3b3f-dc09-4929-8451-4cf97e4fd254 fwd="60.250.110.10" dyno=web.1 connect=1ms service=50ms status=200 bytes=105975
2015-07-30T08:58:19.538574+00:00 heroku[router]: at=info method=GET path="/images/rails.png" host=samrails.herokuapp.com request_id=ec73ebc6-f4b5-418e-a6a9-69f1797b7c71 fwd="60.250.110.10" dyno=web.1 connect=1ms service=11ms status=404 bytes=1616
